0 info it worked if it ends with ok
1 verbose cli [ 'D:\\nodejs\\node.exe',
1 verbose cli   'D:\\nodejs\\node_modules\\npm\\bin\\npm-cli.js',
1 verbose cli   'start' ]
2 info using npm@3.10.10
3 info using node@v6.10.2
4 verbose run-script [ 'prestart', 'start', 'poststart' ]
5 info lifecycle bk@1.0.0~prestart: bk@1.0.0
6 silly lifecycle bk@1.0.0~prestart: no script for prestart, continuing
7 info lifecycle bk@1.0.0~start: bk@1.0.0
8 verbose lifecycle bk@1.0.0~start: unsafe-perm in lifecycle true
9 verbose lifecycle bk@1.0.0~start: PATH: D:\nodejs\node_modules\npm\bin\node-gyp-bin;C:\Users\lenovo\Desktop\个人博客\front\node_modules\.bin;C:\Program Files (x86)\Common Files\NetSarang;C:\Windows\system32;C:\Windows;C:\Windows\System32\Wbem;C:\Windows\System32\WindowsPowerShell\v1.0\;D:\TortoiseSVN\bin;D:\Git\cmd;C:\nvm;C:\Program Files\nodejs;D:\nodejs\;d:\Ruby\bin;D:\阿帕奇(ajax请求服务器)\AppServ\Apache2.2\bin;D:\阿帕奇(ajax请求服务器)\AppServ\php5;d:\Microsoft VS Code\bin;C:\nvm;C:\Program Files\nodejs;C:\Users\lenovo\AppData\Roaming\npm
10 verbose lifecycle bk@1.0.0~start: CWD: C:\Users\lenovo\Desktop\个人博客\front
11 silly lifecycle bk@1.0.0~start: Args: [ '/d /s /c', 'webpack-dev-server --open' ]
12 verbose stack Error: kill ENOSYS
12 verbose stack     at exports._errnoException (util.js:1018:11)
12 verbose stack     at process.kill (internal/process.js:190:13)
12 verbose stack     at process.listener (D:\nodejs\node_modules\npm\node_modules\npmlog\node_modules\gauge\node_modules\signal-exit\index.js:86:15)
12 verbose stack     at emitNone (events.js:91:20)
12 verbose stack     at process.emit (events.js:185:7)
12 verbose stack     at processEmit (D:\nodejs\node_modules\npm\node_modules\npmlog\node_modules\gauge\node_modules\signal-exit\index.js:146:32)
12 verbose stack     at processEmit (D:\nodejs\node_modules\npm\node_modules\npm-registry-client\node_modules\npmlog\node_modules\gauge\node_modules\signal-exit\index.js:146:32)
12 verbose stack     at Signal.wrap.onsignal (internal/process.js:217:44)
13 verbose cwd C:\Users\lenovo\Desktop\个人博客\front
14 error Windows_NT 6.3.9600
15 error argv "D:\\nodejs\\node.exe" "D:\\nodejs\\node_modules\\npm\\bin\\npm-cli.js" "start"
16 error node v6.10.2
17 error npm  v3.10.10
18 error code ENOSYS
19 error errno ENOSYS
20 error syscall kill
21 error kill ENOSYS
22 error If you need help, you may report this error at:
22 error     <https://github.com/npm/npm/issues>
23 verbose exit [ 1, true ]
