0 info it worked if it ends with ok
1 verbose cli [ 'D:\\nodejs\\node.exe',
1 verbose cli   'D:\\nodejs\\node_modules\\npm\\bin\\npm-cli.js',
1 verbose cli   'start' ]
2 info using npm@3.10.10
3 info using node@v6.10.2
4 verbose run-script [ 'prestart', 'start', 'poststart' ]
5 info lifecycle jd@1.0.0~prestart: jd@1.0.0
6 silly lifecycle jd@1.0.0~prestart: no script for prestart, continuing
7 info lifecycle jd@1.0.0~start: jd@1.0.0
8 verbose lifecycle jd@1.0.0~start: unsafe-perm in lifecycle true
9 verbose lifecycle jd@1.0.0~start: PATH: D:\nodejs\node_modules\npm\bin\node-gyp-bin;C:\Users\lenovo\Desktop\vue\jd\node_modules\.bin;C:\Program Files (x86)\Common Files\NetSarang;C:\Windows\system32;C:\Windows;C:\Windows\System32\Wbem;C:\Windows\System32\WindowsPowerShell\v1.0\;D:\TortoiseSVN\bin;D:\Git\cmd;%NVM_HOME%;%NVM_SYMLINK%;D:\nodejs\;d:\Ruby\bin;D:\阿帕奇(ajax请求服务器)\AppServ\Apache2.2\bin;D:\阿帕奇(ajax请求服务器)\AppServ\php5;d:\Microsoft VS Code\bin;C:\nvm;C:\Program Files\nodejs;C:\Users\lenovo\AppData\Roaming\npm
10 verbose lifecycle jd@1.0.0~start: CWD: C:\Users\lenovo\Desktop\vue\jd
11 silly lifecycle jd@1.0.0~start: Args: [ '/d /s /c', 'webpack-dev-server --open' ]
12 silly lifecycle jd@1.0.0~start: Returned: code: 3221225786  signal: null
13 info lifecycle jd@1.0.0~start: Failed to exec start script
14 verbose stack Error: jd@1.0.0 start: `webpack-dev-server --open`
14 verbose stack Exit status 3221225786
14 verbose stack     at EventEmitter.<anonymous> (D:\nodejs\node_modules\npm\lib\utils\lifecycle.js:255:16)
14 verbose stack     at emitTwo (events.js:106:13)
14 verbose stack     at EventEmitter.emit (events.js:191:7)
14 verbose stack     at ChildProcess.<anonymous> (D:\nodejs\node_modules\npm\lib\utils\spawn.js:40:14)
14 verbose stack     at emitTwo (events.js:106:13)
14 verbose stack     at ChildProcess.emit (events.js:191:7)
14 verbose stack     at maybeClose (internal/child_process.js:886:16)
14 verbose stack     at Process.ChildProcess._handle.onexit (internal/child_process.js:226:5)
15 verbose pkgid jd@1.0.0
16 verbose cwd C:\Users\lenovo\Desktop\vue\jd
17 error Windows_NT 6.3.9600
18 error argv "D:\\nodejs\\node.exe" "D:\\nodejs\\node_modules\\npm\\bin\\npm-cli.js" "start"
19 error node v6.10.2
20 error npm  v3.10.10
21 error code ELIFECYCLE
22 error jd@1.0.0 start: `webpack-dev-server --open`
22 error Exit status 3221225786
23 error Failed at the jd@1.0.0 start script 'webpack-dev-server --open'.
23 error Make sure you have the latest version of node.js and npm installed.
23 error If you do, this is most likely a problem with the jd package,
23 error not with npm itself.
23 error Tell the author that this fails on your system:
23 error     webpack-dev-server --open
23 error You can get information on how to open an issue for this project with:
23 error     npm bugs jd
23 error Or if that isn't available, you can get their info via:
23 error     npm owner ls jd
23 error There is likely additional logging output above.
24 verbose exit [ 1, true ]
